This is pdfeTeX, Version 3.141592-1.21a-2.2 (Web2C 7.5.4) (format=latex 2006.7.16)  21 NOV 2006 00:24
entering extended mode
**design.tex
(./design.tex
LaTeX2e <2003/12/01>
Babel <v3.8d> and hyphenation patterns for american, french, german, ngerman, b
ahasa, basque, bulgarian, catalan, croatian, czech, danish, dutch, esperanto, e
stonian, finnish, greek, icelandic, irish, italian, latin, magyar, norsk, polis
h, portuges, romanian, russian, serbian, slovak, slovene, spanish, swedish, tur
kish, ukrainian, nohyphenation, loaded.
(/usr/share/texmf-tetex/tex/latex/base/report.cls
Document Class: report 2004/02/16 v1.4f Standard LaTeX document class
(/usr/share/texmf-tetex/tex/latex/base/size10.clo
File: size10.clo 2004/02/16 v1.4f Standard LaTeX file (size option)
)
\c@part=\count79
\c@chapter=\count80
\c@section=\count81
\c@subsection=\count82
\c@subsubsection=\count83
\c@paragraph=\count84
\c@subparagraph=\count85
\c@figure=\count86
\c@table=\count87
\abovecaptionskip=\skip41
\belowcaptionskip=\skip42
\bibindent=\dimen102
)
(/usr/share/texmf-tetex/tex/latex/base/ifthen.sty
Package: ifthen 2001/05/26 v1.1c Standard LaTeX ifthen package (DPC)
)
(/usr/share/texmf-tetex/tex/latex/tools/calc.sty
Package: calc 1998/07/07 v4.1b Infix arithmetic (KKT,FJ)
\calc@Acount=\count88
\calc@Bcount=\count89
\calc@Adimen=\dimen103
\calc@Bdimen=\dimen104
\calc@Askip=\skip43
\calc@Bskip=\skip44
LaTeX Info: Redefining \setlength on input line 59.
LaTeX Info: Redefining \addtolength on input line 60.
\calc@denominator=\count90
)
\Mylen=\skip45

No file design.aux.
\openout1 = `design.aux'.

LaTeX Font Info:    Checking defaults for OML/cmm/m/it on input line 57.
LaTeX Font Info:    ... okay on input line 57.
LaTeX Font Info:    Checking defaults for T1/cmr/m/n on input line 57.
LaTeX Font Info:    ... okay on input line 57.
LaTeX Font Info:    Checking defaults for OT1/cmr/m/n on input line 57.
LaTeX Font Info:    ... okay on input line 57.
LaTeX Font Info:    Checking defaults for OMS/cmsy/m/n on input line 57.
LaTeX Font Info:    ... okay on input line 57.
LaTeX Font Info:    Checking defaults for OMX/cmex/m/n on input line 57.
LaTeX Font Info:    ... okay on input line 57.
LaTeX Font Info:    Checking defaults for U/cmr/m/n on input line 57.
LaTeX Font Info:    ... okay on input line 57.
LaTeX Font Info:    External font `cmex10' loaded for size
(Font)              <12> on input line 58.
LaTeX Font Info:    External font `cmex10' loaded for size
(Font)              <8> on input line 58.
LaTeX Font Info:    External font `cmex10' loaded for size
(Font)              <6> on input line 58.
[1

] [1]
No file design.toc.
\tf@toc=\write3
\openout3 = `design.toc'.

[2

]
\openout2 = `architecture.aux'.

 (./architecture.tex [3


]
Chapter 1.
LaTeX Font Info:    Try loading font information for OMS+cmr on input line 10.
(/usr/share/texmf-tetex/tex/latex/base/omscmr.fd
File: omscmr.fd 1999/05/25 v2.5h Standard LaTeX font definitions
)
LaTeX Font Info:    Font shape `OMS/cmr/m/n' in size <10> not available
(Font)              Font shape `OMS/cmsy/m/n' tried instead on input line 10.
 [4

] [5] [6]
Chapter 2.

LaTeX Warning: Reference `[' on page 7 undefined on input line 252.

[7

]) [8]
\openout2 = `compiler.aux'.

 (./compiler.tex [9



] (./compiler-overview.tex
Chapter 3.
[10

] [11]
Chapter 4.
[12

]

LaTeX Warning: Reference `source-paths' on page 13 undefined on input line 221.


[13] [14] [15]) (./front.tex [16] [17]
Chapter 5.
[18

] [19] [20]
Chapter 6.
[21

]
Chapter 7.
[22

]
Chapter 8.
[23

] [24] [25] [26]
Chapter 9.
[27

] [28]
Chapter 10.
[29

] [30]
Chapter 11.
[31

]
Chapter 12.
[32

]) (./middle.tex [33]
Chapter 13.
[34

]
Chapter 14.
[35

] [36]
Chapter 15.
[37

]
LaTeX Font Info:    External font `cmex10' loaded for size
(Font)              <7> on input line 225.
LaTeX Font Info:    External font `cmex10' loaded for size
(Font)              <5> on input line 225.
 [38]
Chapter 16.
[39

] [40]
Chapter 17.
[41

]
Overfull \hbox (0.19688pt too wide) in paragraph at lines 403--408
[]\OT1/cmr/m/n/10 Simple type check-ing is ex-plic-itly done us-ing CHECK-xxx V
OPs. They act like in-nocu-ous ef-fect-less/unaffected
 []

[42] [43]) (./back.tex [44]
Chapter 18.
[45

]
Chapter 19.
[46

]
Chapter 20.
[47

] [48] [49]
Chapter 21.
[50

] [51] [52]
Chapter 22.
[53

]
Chapter 23.
[54

]
Chapter 24.
[55

]) (./interface.tex [56]
Chapter 25.
)) [57

]
\openout2 = `retargeting.aux'.

 (./retargeting.tex [58



] [59]
Chapter 26.
[60

] [61]
Chapter 27.
[62

]
Chapter 28.
[63

] [64]
Chapter 29.
[65

]
Chapter 30.

Underfull \hbox (badness 10000) in paragraph at lines 400--400

 []


Underfull \hbox (badness 10000) in paragraph at lines 403--403

 []


Underfull \hbox (badness 10000) in paragraph at lines 411--411

 []


Underfull \hbox (badness 10000) in paragraph at lines 412--412

 []


Underfull \hbox (badness 10000) in paragraph at lines 416--416

 []


Underfull \hbox (badness 10000) in paragraph at lines 419--419

 []


Underfull \hbox (badness 10000) in paragraph at lines 429--429

 []


Underfull \hbox (badness 10000) in paragraph at lines 430--430

 []

[66

]
Chapter 31.
[67

] [68] [69] [70] [71] [72] [73]
Chapter 32.
[74

]
Chapter 33.
[75

]) [76]
\openout2 = `run-time.aux'.

 (./run-time.tex [77



] (./environment.tex
Chapter 34.
[78

]
Chapter 35.
) (./interpreter.tex
Overfull \hbox (4.31633pt too wide) in paragraph at lines 57--60
[]\OT1/cmr/m/n/10 For all non-run-time sym-bol an-no-ta-tions (any-thing other 
than SYMBOL-FUNCTION and SYMBOL-VALUE),
 []

[79

] [80]) (./debugger.tex [81]
Chapter 36.
[82

] [83] [84] [85] [86]) (./object.tex [87]
Chapter 37.
[88

] [89]

LaTeX Warning: Reference `data-blocks-and-o-i' on page 90 undefined on input li
ne 157.

[90] [91] [92] [93] [94] [95] [96] [97]) (./lowlev.tex [98]
Chapter 38.
[99

]
Chapter 39.
[100

]
Chapter 40.
[101

]
Chapter 41.
) (./fasl.tex [102

]
Chapter 42.
[103

] [104] [105] [106]
Overfull \hbox (14.10947pt too wide) in paragraph at lines 333--337
\OT1/cmr/m/n/10 The \OT1/cmr/m/it/10 data \OT1/cmr/m/n/10 bytes are read as an 
in-te-ger, then turned into an IEEE sin-gle float (as though by \OT1/cmtt/m/n/1
0 make-single-float\OT1/cmr/m/n/10 ). 
 []


Overfull \hbox (18.49838pt too wide) in paragraph at lines 338--342
\OT1/cmr/m/n/10 The \OT1/cmr/m/it/10 data \OT1/cmr/m/n/10 bytes are read as an 
in-te-ger, then turned into an IEEE dou-ble float (as though by \OT1/cmtt/m/n/1
0 make-double-float\OT1/cmr/m/n/10 ). 
 []


Overfull \hbox (17.92825pt too wide) in paragraph at lines 377--386
\OT1/cmr/m/it/10 men-ta-tion \OT1/cmr/m/n/10 is an in-te-ger in-di-cat-ing the 
tar-get hard-ware and en-vi-ron-ment. See \OT1/cmtt/m/n/10 compiler/generic/vm-
macs.lisp
 []

[107] [108]
Underfull \hbox (badness 10000) in paragraph at lines 557--559

 []

[109])) [110]
\openout2 = `glossary.aux'.

 (./glossary.tex
Appendix A.
[111



]
Overfull \hbox (29.68385pt too wide) in paragraph at lines 102--104
[]\OT1/cmr/m/n/10 A com-bi-na-tion \OT1/cmr/m/it/10 node \OT1/cmr/m/n/10 is the
 \OT1/cmr/m/it/10 ICR \OT1/cmr/m/n/10 of any fixed-argument func-tion call (not
 \OT1/cmtt/m/n/10 apply \OT1/cmr/m/n/10 or \OT1/cmtt/m/n/10 multiple-value-call
\OT1/cmr/m/n/10 .) 
 []

[112]

LaTeX Warning: Reference `tagging' on page 113 undefined on input line 230.

[113] [114]) [115] (./design.aux (./architecture.aux) (./compiler.aux)
(./retargeting.aux) (./run-time.aux) (./glossary.aux))

LaTeX Warning: There were undefined references.


LaTeX Warning: Label(s) may have changed. Rerun to get cross-references right.

 ) 
Here is how much of TeX's memory you used:
 453 strings out of 94501
 5199 string characters out of 1175794
 56348 words of memory out of 1000000
 3629 multiletter control sequences out of 10000+50000
 9621 words of font info for 34 fonts, out of 500000 for 2000
 580 hyphenation exceptions out of 8191
 25i,6n,21p,225b,245s stack positions out of 1500i,500n,5000p,200000b,5000s

Output written on design.dvi (116 pages, 414900 bytes).
